[20:56:08.484] [INFO] storybook v10.2.19
[20:56:08.789] [DEBUG] Getting package.json info for /Users/phop/Documents/GitHub_Projects/quick-guard/package.json...
[20:56:09.358] [DEBUG] Serving static files from [36mnode_modules/@chromatic-com/storybook/assets[39m at [36m/addon-visual-tests-assets[39m
[20:56:09.358] [INFO] Starting...
[20:56:09.489] [DEBUG] Starting preview..
[20:56:09.492] [WARN] 🚨 Unable to index files:
- ./src/stories/Button.stories.ts: /Users/phop/Documents/GitHub_Projects/quick-guard/tsconfig.json is malformed JSON5: invalid end of input at 1:1
- ./src/stories/Header.stories.ts: /Users/phop/Documents/GitHub_Projects/quick-guard/tsconfig.json is malformed JSON5: invalid end of input at 1:1
- ./src/stories/Page.stories.ts: /Users/phop/Documents/GitHub_Projects/quick-guard/tsconfig.json is malformed JSON5: invalid end of input at 1:1
[20:56:09.494] [ERROR] Failed to build the preview
[20:56:09.495] [ERROR] Error: [38;2;241;97;97mUnable to index files:
- ./src/stories/Button.stories.ts: ./tsconfig.json is malformed JSON5: invalid end of input at 1:1
- ./src/stories/Header.stories.ts: ./tsconfig.json is malformed JSON5: invalid end of input at 1:1
- ./src/stories/Page.stories.ts: ./tsconfig.json is malformed JSON5: invalid end of input at 1:1[39m
    at _StoryIndexGenerator.getIndexAndStats (file://./node_modules/storybook/dist/core-server/index.js:6087:15)
    at async _StoryIndexGenerator.getIndex (file://./node_modules/storybook/dist/core-server/index.js:6076:13)
    at async getOptimizeDeps (file://./node_modules/@storybook/builder-vite/dist/index.js:1879:15)
    at async createViteServer (file://./node_modules/@storybook/builder-vite/dist/index.js:1906:19)
    at async Module.start (file://./node_modules/@storybook/builder-vite/dist/index.js:1934:17)
    at async storybookDevServer (file://./node_modules/storybook/dist/core-server/index.js:7295:83)
    at async buildOrThrow (file://./node_modules/storybook/dist/core-server/index.js:4506:12)
    at async buildDevStandalone (file://./node_modules/storybook/dist/core-server/index.js:7710:41)
    at async withTelemetry (file://./node_modules/storybook/dist/_node-chunks/chunk-FJZ625UU.js:218:12)
    at async dev (file://./node_modules/storybook/dist/bin/core.js:2734:3)
[20:56:09.496] [WARN] Broken build, fix the error above.
You may need to refresh the browser.